# JRE version: Java(TM) SE Runtime Environment (8.0_181-b13) (build 1.8.0_181-b13)
# Java VM: Java HotSpot(TM) 64-Bit Server VM (25.181-b13 mixed mode bsd-amd64 compressed oops)
Heap:
 PSYoungGen      total 775168K, used 384952K [0x000000076ab00000, 0x00000007a1600000, 0x00000007c0000000)
  eden space 768512K, 49% used [0x000000076ab00000,0x0000000781c76c10,0x0000000799980000)
  from space 6656K, 99% used [0x00000007a0f80000,0x00000007a15f74e0,0x00000007a1600000)
  to   space 23040K, 0% used [0x000000079e900000,0x000000079e900000,0x000000079ff80000)
 ParOldGen       total 259584K, used 49387K [0x00000006c0000000, 0x00000006cfd80000, 0x000000076ab00000)
  object space 259584K, 19% used [0x00000006c0000000,0x00000006c303aea8,0x00000006cfd80000)
 Metaspace       used 57948K, capacity 81776K, committed 82048K, reserved 1107968K
  class space    used 14358K, capacity 22822K, committed 22912K, reserved 1048576K
GC Heap History (10 events):
Event: 15.226 GC heap before
{Heap before GC invocations=13 (full 2):
 PSYoungGen      total 733696K, used 573553K [0x000000076ab00000, 0x0000000798d00000, 0x00000007c0000000)
  eden space 712704K, 78% used [0x000000076ab00000,0x000000078cd4d5f0,0x0000000796300000)
  from space 20992K, 67% used [0x0000000797880000,0x000000079864f000,0x0000000798d00000)
  to   space 21504K, 0% used [0x0000000796300000,0x0000000796300000,0x0000000797800000)
 ParOldGen       total 187392K, used 34233K [0x00000006c0000000, 0x00000006cb700000, 0x000000076ab00000)
  object space 187392K, 18% used [0x00000006c0000000,0x00000006c216e738,0x00000006cb700000)
 Metaspace       used 46201K, capacity 59026K, committed 59136K, reserved 1093632K
  class space    used 11158K, capacity 15564K, committed 15616K, reserved 1048576K
Event: 15.238 GC heap after
Heap after GC invocations=13 (full 2):
 PSYoungGen      total 734208K, used 19112K [0x000000076ab00000, 0x00000007a3c80000, 0x00000007c0000000)
  eden space 712704K, 0% used [0x000000076ab00000,0x000000076ab00000,0x0000000796300000)
  from space 21504K, 88% used [0x0000000796300000,0x00000007975aa3c0,0x0000000797800000)
  to   space 23040K, 0% used [0x00000007a2600000,0x00000007a2600000,0x00000007a3c80000)
 ParOldGen       total 187392K, used 34241K [0x00000006c0000000, 0x00000006cb700000, 0x000000076ab00000)
  object space 187392K, 18% used [0x00000006c0000000,0x00000006c2170738,0x00000006cb700000)
 Metaspace       used 46201K, capacity 59026K, committed 59136K, reserved 1093632K
  class space    used 11158K, capacity 15564K, committed 15616K, reserved 1048576K
}
Event: 15.238 GC heap before
{Heap before GC invocations=14 (full 3):
 PSYoungGen      total 734208K, used 19112K [0x000000076ab00000, 0x00000007a3c80000, 0x00000007c0000000)
  eden space 712704K, 0% used [0x000000076ab00000,0x000000076ab00000,0x0000000796300000)
  from space 21504K, 88% used [0x0000000796300000,0x00000007975aa3c0,0x0000000797800000)
  to   space 23040K, 0% used [0x00000007a2600000,0x00000007a2600000,0x00000007a3c80000)
 ParOldGen       total 187392K, used 34241K [0x00000006c0000000, 0x00000006cb700000, 0x000000076ab00000)
  object space 187392K, 18% used [0x00000006c0000000,0x00000006c2170738,0x00000006cb700000)
 Metaspace       used 46201K, capacity 59026K, committed 59136K, reserved 1093632K
  class space    used 11158K, capacity 15564K, committed 15616K, reserved 1048576K
Event: 15.441 GC heap after
Heap after GC invocations=14 (full 3):
 PSYoungGen      total 734208K, used 0K [0x000000076ab00000, 0x00000007a3c80000, 0x00000007c0000000)
  eden space 712704K, 0% used [0x000000076ab00000,0x000000076ab00000,0x0000000796300000)
  from space 21504K, 0% used [0x0000000796300000,0x0000000796300000,0x0000000797800000)
  to   space 23040K, 0% used [0x00000007a2600000,0x00000007a2600000,0x00000007a3c80000)
 ParOldGen       total 259584K, used 49363K [0x00000006c0000000, 0x00000006cfd80000, 0x000000076ab00000)
  object space 259584K, 19% used [0x00000006c0000000,0x00000006c3034ea8,0x00000006cfd80000)
 Metaspace       used 46201K, capacity 59026K, committed 59136K, reserved 1093632K
  class space    used 11158K, capacity 15564K, committed 15616K, reserved 1048576K
}
Event: 68.024 GC heap before
{Heap before GC invocations=15 (full 3):
 PSYoungGen      total 734208K, used 712704K [0x000000076ab00000, 0x00000007a3c80000, 0x00000007c0000000)
  eden space 712704K, 100% used [0x000000076ab00000,0x0000000796300000,0x0000000796300000)
  from space 21504K, 0% used [0x0000000796300000,0x0000000796300000,0x0000000797800000)
  to   space 23040K, 0% used [0x00000007a2600000,0x00000007a2600000,0x00000007a3c80000)
 ParOldGen       total 259584K, used 49363K [0x00000006c0000000, 0x00000006cfd80000, 0x000000076ab00000)
  object space 259584K, 19% used [0x00000006c0000000,0x00000006c3034ea8,0x00000006cfd80000)
 Metaspace       used 50988K, capacity 65774K, committed 65920K, reserved 1097728K
  class space    used 12404K, capacity 17481K, committed 17536K, reserved 1048576K
Event: 68.029 GC heap after
Heap after GC invocations=15 (full 3):
 PSYoungGen      total 838144K, used 4284K [0x000000076ab00000, 0x00000007a2a80000, 0x00000007c0000000)
  eden space 833536K, 0% used [0x000000076ab00000,0x000000076ab00000,0x000000079d900000)
  from space 4608K, 92% used [0x00000007a2600000,0x00000007a2a2f2b8,0x00000007a2a80000)
  to   space 23552K, 0% used [0x000000079fc80000,0x000000079fc80000,0x00000007a1380000)
 ParOldGen       total 259584K, used 49371K [0x00000006c0000000, 0x00000006cfd80000, 0x000000076ab00000)
  object space 259584K, 19% used [0x00000006c0000000,0x00000006c3036ea8,0x00000006cfd80000)
 Metaspace       used 50988K, capacity 65774K, committed 65920K, reserved 1097728K
  class space    used 12404K, capacity 17481K, committed 17536K, reserved 1048576K
}
Event: 2242.716 GC heap before
{Heap before GC invocations=16 (full 3):
 PSYoungGen      total 838144K, used 837820K [0x000000076ab00000, 0x00000007a2a80000, 0x00000007c0000000)
  eden space 833536K, 100% used [0x000000076ab00000,0x000000079d900000,0x000000079d900000)
  from space 4608K, 92% used [0x00000007a2600000,0x00000007a2a2f2b8,0x00000007a2a80000)
  to   space 23552K, 0% used [0x000000079fc80000,0x000000079fc80000,0x00000007a1380000)
 ParOldGen       total 259584K, used 49371K [0x00000006c0000000, 0x00000006cfd80000, 0x000000076ab00000)
  object space 259584K, 19% used [0x00000006c0000000,0x00000006c3036ea8,0x00000006cfd80000)
 Metaspace       used 52362K, capacity 68190K, committed 68352K, reserved 1099776K
  class space    used 12816K, capacity 18360K, committed 18432K, reserved 1048576K
Event: 2242.729 GC heap after
Heap after GC invocations=16 (full 3):
 PSYoungGen      total 806400K, used 5756K [0x000000076ab00000, 0x00000007a2680000, 0x00000007c0000000)
  eden space 800256K, 0% used [0x000000076ab00000,0x000000076ab00000,0x000000079b880000)
  from space 6144K, 93% used [0x000000079fc80000,0x00000007a021f088,0x00000007a0280000)
  to   space 23552K, 0% used [0x00000007a0f80000,0x00000007a0f80000,0x00000007a2680000)
 ParOldGen       total 259584K, used 49379K [0x00000006c0000000, 0x00000006cfd80000, 0x000000076ab00000)
  object space 259584K, 19% used [0x00000006c0000000,0x00000006c3038ea8,0x00000006cfd80000)
 Metaspace       used 52362K, capacity 68190K, committed 68352K, reserved 1099776K
  class space    used 12816K, capacity 18360K, committed 18432K, reserved 1048576K
}
Event: 3405.364 GC heap before
{Heap before GC invocations=17 (full 3):
 PSYoungGen      total 806400K, used 806012K [0x000000076ab00000, 0x00000007a2680000, 0x00000007c0000000)
  eden space 800256K, 100% used [0x000000076ab00000,0x000000079b880000,0x000000079b880000)
  from space 6144K, 93% used [0x000000079fc80000,0x00000007a021f088,0x00000007a0280000)
  to   space 23552K, 0% used [0x00000007a0f80000,0x00000007a0f80000,0x00000007a2680000)
 ParOldGen       total 259584K, used 49379K [0x00000006c0000000, 0x00000006cfd80000, 0x000000076ab00000)
  object space 259584K, 19% used [0x00000006c0000000,0x00000006c3038ea8,0x00000006cfd80000)
 Metaspace       used 56330K, capacity 77904K, committed 78080K, reserved 1105920K
  class space    used 13895K, capacity 21494K, committed 21504K, reserved 1048576K
Event: 3405.372 GC heap after
Heap after GC invocations=17 (full 3):
 PSYoungGen      total 775168K, used 6621K [0x000000076ab00000, 0x00000007a1600000, 0x00000007c0000000)
  eden space 768512K, 0% used [0x000000076ab00000,0x000000076ab00000,0x0000000799980000)
  from space 6656K, 99% used [0x00000007a0f80000,0x00000007a15f74e0,0x00000007a1600000)
  to   space 23040K, 0% used [0x000000079e900000,0x000000079e900000,0x000000079ff80000)
 ParOldGen       total 259584K, used 49387K [0x00000006c0000000, 0x00000006cfd80000, 0x000000076ab00000)
  object space 259584K, 19% used [0x00000006c0000000,0x00000006c303aea8,0x00000006cfd80000)
 Metaspace       used 56330K, capacity 77904K, committed 78080K, reserved 1105920K
  class space    used 13895K, capacity 21494K, committed 21504K, reserved 1048576K
}

